[COMM] === Terminal Status Update Started ===
[COMM] [2025-07-01 16:38:33] TerminalId 1 changed: Status = false
[COMM] [2025-07-01 16:38:33] TerminalId 4 changed: Status = false
[COMM] === Terminal Status Update Completed ===
[COMM] === Terminal Status Update Started ===
[COMM] === Terminal Status Update Completed ===
[COMM] === Terminal Status Update Started ===
[COMM] === Terminal Status Update Completed ===
[COMM] === Terminal Status Update Started ===
[COMM] [2025-07-01 16:42:21] TerminalId 9 changed: Status = false
[COMM] === Terminal Status Update Completed ===
[COMM] === Terminal Status Update Started ===
[COMM] [2025-07-01 16:51:08] TerminalId 7 changed: Status = true
[COMM] === Terminal Status Update Completed ===
[COMM] === Terminal Status Update Started ===
[COMM] === Terminal Status Update Completed ===
[COMM] === Terminal Status Update Started ===
[COMM] === Terminal Status Update Completed ===
[COMM] === Terminal Status Update Started ===
[COMM] === Terminal Status Update Started ===
[COMM] [2025-07-01 22:13:24] TerminalId 7 changed: Status = true
[COMM] === Terminal Status Update Completed ===
[COMM] === Terminal Status Update Started ===
[COMM] [2025-07-01 22:41:48] TerminalId 1 changed: Status = false
[COMM] [2025-07-01 22:41:48] TerminalId 4 changed: Status = false
[COMM] [2025-07-01 22:41:48] TerminalId 7 changed: Status = false
[COMM] === Terminal Status Update Completed ===
[COMM] === Terminal Status Update Started ===
[COMM] [2025-07-01 22:42:18] TerminalId 9 changed: Status = false
[COMM] === Terminal Status Update Completed ===
[COMM] === Terminal Status Update Started ===
[COMM] [2025-07-01 22:42:48] TerminalId 9 changed: Status = true
[COMM] === Terminal Status Update Completed ===
[COMM] === Terminal Status Update Started ===
[COMM] [2025-07-01 22:49:11] TerminalId 9 changed: Status = true
[COMM] === Terminal Status Update Completed ===
[COMM] === Terminal Status Update Started ===
[COMM] [2025-07-01 22:49:41] TerminalId 9 changed: Status = false
[COMM] === Terminal Status Update Completed ===
[COMM] === Terminal Status Update Started ===
[COMM] [2025-07-01 22:52:41] TerminalId 1 changed: Status = false
[COMM] [2025-07-01 22:52:41] TerminalId 4 changed: Status = false
[COMM] === Terminal Status Update Completed ===
[COMM] === Terminal Status Update Started ===
[COMM] [2025-07-02 10:34:48] TerminalId 1 changed: Status = false
[COMM] [2025-07-02 10:34:48] TerminalId 4 changed: Status = false
[COMM] [2025-07-02 10:34:48] TerminalId 9 changed: Status = false
[COMM] === Terminal Status Update Completed ===
[COMM] === Terminal Status Update Started ===
[COMM] === Terminal Status Update Completed ===
[COMM] === Terminal Status Update Started ===
[COMM] === Terminal Status Update Completed ===
[COMM] === Terminal Status Update Started ===
[COMM] === Terminal Status Update Completed ===
[COMM] === Terminal Status Update Started ===
[COMM] === Terminal Status Update Completed ===
[COMM] === Terminal Status Update Started ===
[COMM] === Terminal Status Update Completed ===
[COMM] === Terminal Status Update Started ===
[COMM] === Terminal Status Update Completed ===
[COMM] === Terminal Status Update Started ===
[COMM] === Terminal Status Update Completed ===
[COMM] === Terminal Status Update Started ===
[COMM] === Terminal Status Update Completed ===
[COMM] === Terminal Status Update Started ===
[COMM] === Terminal Status Update Completed ===
[COMM] === Terminal Status Update Started ===
[COMM] [2025-07-02 10:44:05] TerminalId 1 changed: Status = false
[COMM] [2025-07-02 10:44:06] TerminalId 4 changed: Status = false
[COMM] [2025-07-02 10:44:06] TerminalId 9 changed: Status = false
[COMM] === Terminal Status Update Completed ===
[COMM] === Terminal Status Update Started ===
[COMM] === Terminal Status Update Completed ===
[COMM] === Terminal Status Update Started ===
[COMM] === Terminal Status Update Completed ===
[COMM] === Terminal Status Update Started ===
[COMM] === Terminal Status Update Completed ===
[COMM] === Terminal Status Update Started ===
[COMM] === Terminal Status Update Completed ===
[COMM] === Terminal Status Update Started ===
[COMM] === Terminal Status Update Completed ===
[COMM] === Terminal Status Update Started ===
[COMM] === Terminal Status Update Completed ===
[COMM] === Terminal Status Update Started ===
[COMM] === Terminal Status Update Completed ===
[COMM] === Terminal Status Update Started ===
[COMM] === Terminal Status Update Completed ===
[COMM] === Terminal Status Update Started ===
[COMM] === Terminal Status Update Completed ===
[COMM] === Terminal Status Update Started ===
[COMM] === Terminal Status Update Completed ===
[COMM] === Terminal Status Update Started ===
[DEBUG] TerminalId=9, TimeStampId=1750668016000, Now=1751434547093, Delta=766531093 ms, Threshold=60000 ms → Status=false
[COMM] === Terminal Status Update Completed ===
[COMM] === Terminal Status Update Started ===
[DEBUG] TerminalId=9, TimeStampId=1750668016000, Now=1751434576765, Delta=766560765 ms, Threshold=60000 ms → Status=false
[COMM] === Terminal Status Update Completed ===
[COMM] === Terminal Status Update Started ===
[DEBUG] TerminalId=9, TimeStampId=1750668016000, Now=1751434606762, Delta=766590762 ms, Threshold=60000 ms → Status=false
[COMM] === Terminal Status Update Completed ===
[COMM] === Terminal Status Update Started ===
[DEBUG] TerminalId=9, TimeStampId=1750668018000, Now=1751434636758, Delta=766618758 ms, Threshold=60000 ms → Status=false
[COMM] === Terminal Status Update Completed ===
[COMM] === Terminal Status Update Started ===
[DEBUG] TerminalId=9, TimeStampId=1750668018, Now=1751434739574, Delta=1749684071556 ms, Threshold=60000 ms → Status=false
[COMM] === Terminal Status Update Completed ===
[COMM] === Terminal Status Update Started ===
[DEBUG] TerminalId=9, TimeStampId=1750668018, Now=1751434769220, Delta=1749684101202 ms, Threshold=60000 ms → Status=false
[COMM] === Terminal Status Update Completed ===
[COMM] === Terminal Status Update Started ===
[DEBUG] TerminalId=9, TimeStampId=1750668019, Now=1751434799221, Delta=1749684131202 ms, Threshold=60000 ms → Status=false
[COMM] === Terminal Status Update Completed ===
[COMM] === Terminal Status Update Started ===
[DEBUG] TerminalId=9, TimeStampId=1750668019, Now=1751434829212, Delta=1749684161193 ms, Threshold=60000 ms → Status=false
[COMM] === Terminal Status Update Completed ===
[COMM] === Terminal Status Update Started ===
[COMM] [2025-07-02 12:23:18] TerminalId 9 changed: Status = true
[COMM] === Terminal Status Update Completed ===
[COMM] === Terminal Status Update Started ===
[COMM] [2025-07-02 12:25:18] TerminalId 9 changed: Status = false
[COMM] === Terminal Status Update Completed ===
[COMM] === Terminal Status Update Started ===
[COMM] [2025-07-02 12:32:19] TerminalId 7 changed: Status = true
[COMM] === Terminal Status Update Completed ===
[COMM] === Terminal Status Update Started ===
[COMM] [2025-07-02 12:34:19] TerminalId 1 changed: Status = false
[COMM] [2025-07-02 12:34:19] TerminalId 4 changed: Status = false
[COMM] [2025-07-02 12:34:19] TerminalId 7 changed: Status = false
[COMM] [2025-07-02 12:34:19] TerminalId 9 changed: Status = false
[COMM] === Terminal Status Update Completed ===
[COMM] === Terminal Status Update Started ===
[COMM] [2025-07-02 12:36:19] TerminalId 9 changed: Status = true
[COMM] === Terminal Status Update Completed ===
[COMM] === Terminal Status Update Started ===
[COMM] [2025-07-02 12:40:23] TerminalId 7 changed: Status = true
[COMM] === Terminal Status Update Completed ===
[COMM] === Terminal Status Update Started ===
[COMM] === Terminal Status Update Completed ===
[COMM] === Terminal Status Update Started ===
[COMM] [2025-07-02 12:56:12] TerminalId 1 changed: Status = false
[COMM] [2025-07-02 12:56:12] TerminalId 4 changed: Status = false
[COMM] [2025-07-02 12:56:12] TerminalId 7 changed: Status = false
[COMM] === Terminal Status Update Completed ===
[COMM] === Terminal Status Update Started ===
[COMM] [2025-07-02 12:57:42] TerminalId 7 changed: Status = true
[COMM] [2025-07-02 12:57:42] TerminalId 9 changed: Status = false
[COMM] === Terminal Status Update Completed ===
[COMM] === Terminal Status Update Started ===
[COMM] [2025-07-02 13:01:42] TerminalId 7 changed: Status = true
[COMM] === Terminal Status Update Completed ===
[COMM] === Terminal Status Update Started ===
[COMM] [2025-07-02 13:03:42] TerminalId 1 changed: Status = false
[COMM] [2025-07-02 13:03:42] TerminalId 4 changed: Status = false
[COMM] [2025-07-02 13:03:42] TerminalId 7 changed: Status = false
[COMM] [2025-07-02 13:03:42] TerminalId 9 changed: Status = false
[COMM] === Terminal Status Update Completed ===
[COMM] === Terminal Status Update Started ===
[COMM] === Terminal Status Update Completed ===
[COMM] === Terminal Status Update Started ===
[COMM] === Terminal Status Update Completed ===
[COMM] === Terminal Status Update Started ===
[COMM] [2025-07-02 13:09:27] TerminalId 1 changed: Status = true
[COMM] [2025-07-02 13:09:27] TerminalId 4 changed: Status = true
[COMM] [2025-07-02 13:09:27] TerminalId 7 changed: Status = true
[COMM] [2025-07-02 13:09:27] TerminalId 9 changed: Status = true
[COMM] === Terminal Status Update Completed ===
[COMM] === Terminal Status Update Started ===
[COMM] === Terminal Status Update Completed ===
[COMM] === Terminal Status Update Started ===
[COMM] === Terminal Status Update Completed ===
[COMM] === Terminal Status Update Started ===
[COMM] === Terminal Status Update Completed ===
[COMM] === Terminal Status Update Started ===
[COMM] [2025-07-02 13:22:35] TerminalId 1 changed: Status = false
[COMM] [2025-07-02 13:22:35] TerminalId 4 changed: Status = false
[COMM] [2025-07-02 13:22:35] TerminalId 7 changed: Status = false
[COMM] === Terminal Status Update Completed ===
[COMM] === Terminal Status Update Started ===
[COMM] === Terminal Status Update Completed ===
[COMM] === Terminal Status Update Started ===
[COMM] === Terminal Status Update Completed ===
[COMM] === Terminal Status Update Started ===
[COMM] === Terminal Status Update Completed ===
[COMM] === Terminal Status Update Started ===
[COMM] [2025-07-02 14:13:49] TerminalId 9 changed: Status = false
[COMM] === Terminal Status Update Completed ===
[COMM] === Terminal Status Update Started ===
[COMM] [2025-07-02 14:15:12] TerminalId 9 changed: Status = true
[COMM] === Terminal Status Update Completed ===
[COMM] === Terminal Status Update Started ===
[COMM] === Terminal Status Update Completed ===
[COMM] === Terminal Status Update Started ===
[COMM] === Terminal Status Update Completed ===
[COMM] === Terminal Status Update Started ===
[COMM] === Terminal Status Update Completed ===
[COMM] === Terminal Status Update Started ===
[COMM] [2025-07-02 14:16:42] TerminalId 1 changed: Status = false
[COMM] [2025-07-02 14:16:43] TerminalId 4 changed: Status = false
[COMM] [2025-07-02 14:16:43] TerminalId 9 changed: Status = false
[COMM] === Terminal Status Update Completed ===
[COMM] === Terminal Status Update Started ===
[COMM] === Terminal Status Update Completed ===
[COMM] === Terminal Status Update Started ===
[COMM] [2025-07-02 14:20:11] TerminalId 9 changed: Status = true
[COMM] === Terminal Status Update Completed ===
[COMM] === Terminal Status Update Started ===
[COMM] === Terminal Status Update Completed ===
[COMM] === Terminal Status Update Started ===
[COMM] === Terminal Status Update Completed ===
[COMM] === Terminal Status Update Started ===
[COMM] [2025-07-02 15:06:40] TerminalId 1 changed: Status = false
[COMM] [2025-07-02 15:06:40] TerminalId 4 changed: Status = false
[COMM] === Terminal Status Update Completed ===
[COMM] === Terminal Status Update Started ===
[COMM] === Terminal Status Update Completed ===
[COMM] === Terminal Status Update Started ===
[COMM] [2025-07-02 15:15:47] TerminalId 1 changed: Status = true
[COMM] [2025-07-02 15:15:47] TerminalId 4 changed: Status = true
[COMM] [2025-07-02 15:15:47] TerminalId 7 changed: Status = true
[COMM] === Terminal Status Update Completed ===
[COMM] === Terminal Status Update Started ===
[COMM] [2025-07-02 15:17:47] TerminalId 1 changed: Status = false
[COMM] [2025-07-02 15:17:47] TerminalId 4 changed: Status = false
[COMM] [2025-07-02 15:17:47] TerminalId 7 changed: Status = false
[COMM] === Terminal Status Update Completed ===
[COMM] === Terminal Status Update Started ===
[COMM] [2025-07-02 15:19:47] TerminalId 9 changed: Status = false
[COMM] === Terminal Status Update Completed ===
[COMM] === Terminal Status Update Started ===
[COMM] [2025-07-02 15:25:14] TerminalId 1 changed: Status = true
[COMM] [2025-07-02 15:25:14] TerminalId 4 changed: Status = true
[COMM] [2025-07-02 15:25:14] TerminalId 7 changed: Status = true
[COMM] [2025-07-02 15:25:14] TerminalId 9 changed: Status = true
[COMM] === Terminal Status Update Completed ===
[COMM] === Terminal Status Update Started ===
[COMM] === Terminal Status Update Completed ===
[COMM] === Terminal Status Update Started ===
[COMM] [2025-07-02 15:29:22] TerminalId 1 changed: Status = false
[COMM] [2025-07-02 15:29:22] TerminalId 4 changed: Status = false
[COMM] [2025-07-02 15:29:22] TerminalId 7 changed: Status = false
[COMM] [2025-07-02 15:29:22] TerminalId 9 changed: Status = false
[COMM] === Terminal Status Update Completed ===
[COMM] === Terminal Status Update Started ===
[COMM] [2025-07-02 15:40:23] TerminalId 7 changed: Status = true
[COMM] === Terminal Status Update Completed ===
[COMM] === Terminal Status Update Started ===
[COMM] No terminal status changes detected.
[COMM] === Terminal Status Update Completed ===
[COMM] === Terminal Status Update Started ===
[COMM] No terminal status changes detected.
[COMM] === Terminal Status Update Completed ===
[COMM] === Terminal Status Update Started ===
[COMM] [2025-07-02 15:49:27] TerminalId 1 changed: Status = false
[COMM] [2025-07-02 15:49:27] TerminalId 4 changed: Status = false
[COMM] [2025-07-02 15:49:27] TerminalId 7 changed: Status = false
[COMM] === Terminal Status Update Completed ===
[COMM] === Terminal Status Update Started ===
[COMM] [2025-07-02 15:53:50] TerminalId 1 changed: Status = true
[COMM] [2025-07-02 15:53:50] TerminalId 4 changed: Status = true
[COMM] [2025-07-02 15:53:50] TerminalId 7 changed: Status = true
[COMM] === Terminal Status Update Completed ===
[COMM] === Terminal Status Update Started ===
[COMM] [2025-07-02 15:55:50] TerminalId 1 changed: Status = false
[COMM] [2025-07-02 15:55:50] TerminalId 4 changed: Status = false
[COMM] [2025-07-02 15:55:50] TerminalId 7 changed: Status = false
[COMM] [2025-07-02 15:55:50] TerminalId 9 changed: Status = false
[COMM] === Terminal Status Update Completed ===
[COMM] === Terminal Status Update Started ===
[COMM] [2025-07-02 15:57:38] TerminalId 1 changed: Status = true
[COMM] [2025-07-02 15:57:38] TerminalId 4 changed: Status = true
[COMM] [2025-07-02 15:57:38] TerminalId 7 changed: Status = true
[COMM] [2025-07-02 15:57:38] TerminalId 9 changed: Status = true
[COMM] === Terminal Status Update Completed ===
[COMM] === Terminal Status Update Started ===
[COMM] No terminal status changed in this cycle.
[COMM] === Terminal Status Update Completed ===
[COMM] === Terminal Status Update Started ===
[COMM] [2025-07-02 16:05:16] TerminalId 1 timeout: Status = false
[COMM] [2025-07-02 16:05:16] TerminalId 7 timeout: Status = false
[COMM] [2025-07-02 16:05:16] TerminalId 9 timeout: Status = false
[COMM] === Terminal Status Update Completed ===
[COMM] === Terminal Status Update Started ===
[COMM] [2025-07-02 16:07:16] TerminalId 4 timeout: Status = false
[COMM] === Terminal Status Update Completed ===
[COMM] === Terminal Status Update Started ===
[COMM] === Terminal Status Update Started ===
[COMM] [2025-07-02 16:31:40] TerminalId 1 resumed: Status = true
[COMM] [2025-07-02 16:31:40] TerminalId 4 resumed: Status = true
[COMM] [2025-07-02 16:31:40] TerminalId 7 resumed: Status = true
[COMM] [2025-07-02 16:31:40] TerminalId 9 resumed: Status = true
[COMM] === Terminal Status Update Completed ===
[COMM] === Terminal Status Update Started ===
[COMM] [2025-07-02 16:33:40] TerminalId 1 timed out: Status = false
[COMM] [2025-07-02 16:33:40] TerminalId 4 timed out: Status = false
[COMM] [2025-07-02 16:33:40] TerminalId 7 timed out: Status = false
[COMM] [2025-07-02 16:33:40] TerminalId 9 timed out: Status = false
[COMM] === Terminal Status Update Completed ===
[COMM] === Terminal Status Update Started ===
[COMM] [2025-07-02 17:37:27] TerminalId 7 resumed: Status = true
[COMM] === Terminal Status Update Completed ===
[COMM] === Terminal Status Update Started ===
[COMM] [2025-07-02 17:39:27] TerminalId 7 timed out: Status = false
[COMM] === Terminal Status Update Completed ===
[COMM] === Terminal Status Update Started ===
[COMM] No terminal status changed in this cycle.
[COMM] === Terminal Status Update Completed ===
[COMM] === Terminal Status Update Started ===
[COMM] No terminal status changed in this cycle.
[COMM] === Terminal Status Update Completed ===
[COMM] === Terminal Status Update Started ===
[COMM] No terminal status changed in this cycle.
[COMM] === Terminal Status Update Completed ===
[COMM] === Terminal Status Update Started ===
[COMM] No terminal status changed in this cycle.
[COMM] === Terminal Status Update Completed ===
[COMM] === Terminal Status Update Started ===
[COMM] No terminal status changed in this cycle.
[COMM] === Terminal Status Update Completed ===
[COMM] === Terminal Status Update Started ===
[COMM] No terminal status changed in this cycle.
[COMM] === Terminal Status Update Completed ===
[COMM] === Terminal Status Update Started ===
[COMM] No terminal status changed in this cycle.
[COMM] === Terminal Status Update Completed ===
[COMM] === Terminal Status Update Started ===
[COMM] No terminal status changed in this cycle.
[COMM] === Terminal Status Update Completed ===
[COMM] === Terminal Status Update Started ===
[COMM] [2025-07-03 12:46:49] TerminalId 7 resumed: Status = true
[COMM] === Terminal Status Update Completed ===
[COMM] === Terminal Status Update Started ===
[COMM] [2025-07-03 12:49:44] TerminalId 7 timed out: Status = false
[COMM] === Terminal Status Update Completed ===
[COMM] === Terminal Status Update Started ===
[COMM] No terminal status changed in this cycle.
[COMM] === Terminal Status Update Completed ===
[COMM] === Terminal Status Update Started ===
[COMM] No terminal status changed in this cycle.
[COMM] === Terminal Status Update Completed ===
